"pkg-config --exists openssl"
| pkg-config --libs openssl
=> "-lssl -lcrypto\n"
"/home/sopi/Documents/Side_projects/graal/sdk/mxbuild/linux-amd64/GRAALVM_25F9771D4B_JAVA11/graalvm-25f9771d4b-java11-22.1.0-dev/languages/llvm/native/bin/graalvm-native-clang -o conftest -I/home/sopi/Documents/Side_projects/graal/sdk/mxbuild/linux-amd64/GRAALVM_25F9771D4B_JAVA11/graalvm-25f9771d4b-java11-22.1.0-dev/languages/ruby/lib/cext/include -I/home/sopi/Documents/Side_projects/graal/sdk/mxbuild/linux-amd64/GRAALVM_25F9771D4B_JAVA11/graalvm-25f9771d4b-java11-22.1.0-dev/languages/ruby/lib/cext/include/ruby/backward -I/home/sopi/Documents/Side_projects/graal/sdk/mxbuild/linux-amd64/GRAALVM_25F9771D4B_JAVA11/graalvm-25f9771d4b-java11-22.1.0-dev/languages/ruby/lib/cext/include -I.  -DTRUFFLERUBY_ABI_VERSION=3.0.2.10    -Wimplicit-function-declaration -Wno-int-conversion -Wno-int-to-pointer-cast -Wno-incompatible-pointer-types -Wno-format-invalid-specifier -Wno-format-extra-args -ferror-limit=500 conftest.c  -L.      -lgraalvm-llvm    -L/home/sopi/Documents/Side_projects/graal/sdk/mxbuild/linux-amd64/GRAALVM_25F9771D4B_JAVA11/graalvm-25f9771d4b-java11-22.1.0-dev/languages/ruby/lib/cext -rpath /home/sopi/Documents/Side_projects/graal/sdk/mxbuild/linux-amd64/GRAALVM_25F9771D4B_JAVA11/graalvm-25f9771d4b-java11-22.1.0-dev/languages/ruby/lib/cext -ltruffleruby -rpath /home/sopi/Documents/Side_projects/graal/sdk/mxbuild/linux-amd64/GRAALVM_25F9771D4B_JAVA11/graalvm-25f9771d4b-java11-22.1.0-dev/languages/llvm/native/lib"
checked program was:
/* begin */
1: #include "ruby.h"
2: 
3: int main(int argc, char **argv)
4: {
5:   return !!argv[argc];
6: }
/* end */

"/home/sopi/Documents/Side_projects/graal/sdk/mxbuild/linux-amd64/GRAALVM_25F9771D4B_JAVA11/graalvm-25f9771d4b-java11-22.1.0-dev/languages/llvm/native/bin/graalvm-native-clang -o conftest -I/home/sopi/Documents/Side_projects/graal/sdk/mxbuild/linux-amd64/GRAALVM_25F9771D4B_JAVA11/graalvm-25f9771d4b-java11-22.1.0-dev/languages/ruby/lib/cext/include -I/home/sopi/Documents/Side_projects/graal/sdk/mxbuild/linux-amd64/GRAALVM_25F9771D4B_JAVA11/graalvm-25f9771d4b-java11-22.1.0-dev/languages/ruby/lib/cext/include/ruby/backward -I/home/sopi/Documents/Side_projects/graal/sdk/mxbuild/linux-amd64/GRAALVM_25F9771D4B_JAVA11/graalvm-25f9771d4b-java11-22.1.0-dev/languages/ruby/lib/cext/include -I.  -DTRUFFLERUBY_ABI_VERSION=3.0.2.10    -Wimplicit-function-declaration -Wno-int-conversion -Wno-int-to-pointer-cast -Wno-incompatible-pointer-types -Wno-format-invalid-specifier -Wno-format-extra-args -ferror-limit=500 conftest.c  -L.      -lgraalvm-llvm -lssl -lcrypto   -L/home/sopi/Documents/Side_projects/graal/sdk/mxbuild/linux-amd64/GRAALVM_25F9771D4B_JAVA11/graalvm-25f9771d4b-java11-22.1.0-dev/languages/ruby/lib/cext -rpath /home/sopi/Documents/Side_projects/graal/sdk/mxbuild/linux-amd64/GRAALVM_25F9771D4B_JAVA11/graalvm-25f9771d4b-java11-22.1.0-dev/languages/ruby/lib/cext -ltruffleruby -rpath /home/sopi/Documents/Side_projects/graal/sdk/mxbuild/linux-amd64/GRAALVM_25F9771D4B_JAVA11/graalvm-25f9771d4b-java11-22.1.0-dev/languages/llvm/native/lib"
checked program was:
/* begin */
1: #include "ruby.h"
2: 
3: int main(int argc, char **argv)
4: {
5:   return !!argv[argc];
6: }
/* end */

| pkg-config --cflags-only-I openssl
=> "\n"
| pkg-config --cflags-only-other openssl
=> "\n"
| pkg-config --libs-only-l openssl
=> "-lssl -lcrypto\n"
package configuration for openssl
incflags: 
cflags: 
ldflags: 
libs: -lssl -lcrypto

have_header: checking for openssl/bio.h... -------------------- yes

"/home/sopi/Documents/Side_projects/graal/sdk/mxbuild/linux-amd64/GRAALVM_25F9771D4B_JAVA11/graalvm-25f9771d4b-java11-22.1.0-dev/languages/llvm/native/bin/graalvm-native-clang -E -I/home/sopi/Documents/Side_projects/graal/sdk/mxbuild/linux-amd64/GRAALVM_25F9771D4B_JAVA11/graalvm-25f9771d4b-java11-22.1.0-dev/languages/ruby/lib/cext/include -I/home/sopi/Documents/Side_projects/graal/sdk/mxbuild/linux-amd64/GRAALVM_25F9771D4B_JAVA11/graalvm-25f9771d4b-java11-22.1.0-dev/languages/ruby/lib/cext/include/ruby/backward -I/home/sopi/Documents/Side_projects/graal/sdk/mxbuild/linux-amd64/GRAALVM_25F9771D4B_JAVA11/graalvm-25f9771d4b-java11-22.1.0-dev/languages/ruby/lib/cext/include -I.   -DTRUFFLERUBY_ABI_VERSION=3.0.2.10    -Wimplicit-function-declaration -Wno-int-conversion -Wno-int-to-pointer-cast -Wno-incompatible-pointer-types -Wno-format-invalid-specifier -Wno-format-extra-args -ferror-limit=500   conftest.c -o conftest.i"
checked program was:
/* begin */
1: #include "ruby.h"
2: 
3: #include <openssl/bio.h>
/* end */

--------------------

have_func: checking for DTLS_method() in openssl/ssl.h... -------------------- yes

"/home/sopi/Documents/Side_projects/graal/sdk/mxbuild/linux-amd64/GRAALVM_25F9771D4B_JAVA11/graalvm-25f9771d4b-java11-22.1.0-dev/languages/llvm/native/bin/graalvm-native-clang -o conftest -I/home/sopi/Documents/Side_projects/graal/sdk/mxbuild/linux-amd64/GRAALVM_25F9771D4B_JAVA11/graalvm-25f9771d4b-java11-22.1.0-dev/languages/ruby/lib/cext/include -I/home/sopi/Documents/Side_projects/graal/sdk/mxbuild/linux-amd64/GRAALVM_25F9771D4B_JAVA11/graalvm-25f9771d4b-java11-22.1.0-dev/languages/ruby/lib/cext/include/ruby/backward -I/home/sopi/Documents/Side_projects/graal/sdk/mxbuild/linux-amd64/GRAALVM_25F9771D4B_JAVA11/graalvm-25f9771d4b-java11-22.1.0-dev/languages/ruby/lib/cext/include -I.   -DTRUFFLERUBY_ABI_VERSION=3.0.2.10    -Wimplicit-function-declaration -Wno-int-conversion -Wno-int-to-pointer-cast -Wno-incompatible-pointer-types -Wno-format-invalid-specifier -Wno-format-extra-args -ferror-limit=500  conftest.c  -L.       -lssl -lcrypto -lgraalvm-llvm  -lssl -lcrypto   -L/home/sopi/Documents/Side_projects/graal/sdk/mxbuild/linux-amd64/GRAALVM_25F9771D4B_JAVA11/graalvm-25f9771d4b-java11-22.1.0-dev/languages/ruby/lib/cext -rpath /home/sopi/Documents/Side_projects/graal/sdk/mxbuild/linux-amd64/GRAALVM_25F9771D4B_JAVA11/graalvm-25f9771d4b-java11-22.1.0-dev/languages/ruby/lib/cext -ltruffleruby -rpath /home/sopi/Documents/Side_projects/graal/sdk/mxbuild/linux-amd64/GRAALVM_25F9771D4B_JAVA11/graalvm-25f9771d4b-java11-22.1.0-dev/languages/llvm/native/lib"
checked program was:
/* begin */
 1: #include "ruby.h"
 2: 
 3: #include <openssl/ssl.h>
 4: 
 5: /*top*/
 6: extern int t(void);
 7: int main(int argc, char **argv)
 8: {
 9:   if (argc > 1000000) {
10:     int (* volatile tp)(void)=(int (*)(void))&t;
11:     printf("%d", (*tp)());
12:   }
13: 
14:   return !!argv[argc];
15: }
16: int t(void) { void ((*volatile p)()); p = (void ((*)()))DTLS_method; return !p; }
/* end */

--------------------

have_func: checking for TLS_server_method() in openssl/ssl.h... -------------------- no

"/home/sopi/Documents/Side_projects/graal/sdk/mxbuild/linux-amd64/GRAALVM_25F9771D4B_JAVA11/graalvm-25f9771d4b-java11-22.1.0-dev/languages/llvm/native/bin/graalvm-native-clang -o conftest -I/home/sopi/Documents/Side_projects/graal/sdk/mxbuild/linux-amd64/GRAALVM_25F9771D4B_JAVA11/graalvm-25f9771d4b-java11-22.1.0-dev/languages/ruby/lib/cext/include -I/home/sopi/Documents/Side_projects/graal/sdk/mxbuild/linux-amd64/GRAALVM_25F9771D4B_JAVA11/graalvm-25f9771d4b-java11-22.1.0-dev/languages/ruby/lib/cext/include/ruby/backward -I/home/sopi/Documents/Side_projects/graal/sdk/mxbuild/linux-amd64/GRAALVM_25F9771D4B_JAVA11/graalvm-25f9771d4b-java11-22.1.0-dev/languages/ruby/lib/cext/include -I.   -DTRUFFLERUBY_ABI_VERSION=3.0.2.10    -Wimplicit-function-declaration -Wno-int-conversion -Wno-int-to-pointer-cast -Wno-incompatible-pointer-types -Wno-format-invalid-specifier -Wno-format-extra-args -ferror-limit=500  conftest.c  -L.       -lssl -lcrypto -lgraalvm-llvm  -lssl -lcrypto   -L/home/sopi/Documents/Side_projects/graal/sdk/mxbuild/linux-amd64/GRAALVM_25F9771D4B_JAVA11/graalvm-25f9771d4b-java11-22.1.0-dev/languages/ruby/lib/cext -rpath /home/sopi/Documents/Side_projects/graal/sdk/mxbuild/linux-amd64/GRAALVM_25F9771D4B_JAVA11/graalvm-25f9771d4b-java11-22.1.0-dev/languages/ruby/lib/cext -ltruffleruby -rpath /home/sopi/Documents/Side_projects/graal/sdk/mxbuild/linux-amd64/GRAALVM_25F9771D4B_JAVA11/graalvm-25f9771d4b-java11-22.1.0-dev/languages/llvm/native/lib"
conftest.c:16:57: error: use of undeclared identifier 'TLS_server_method'
int t(void) { void ((*volatile p)()); p = (void ((*)()))TLS_server_method; return !p; }
                                                        ^
1 error generated.
Process failed: #<Process::Status: pid 2751 exit 1>
checked program was:
/* begin */
 1: #include "ruby.h"
 2: 
 3: #include <openssl/ssl.h>
 4: 
 5: /*top*/
 6: extern int t(void);
 7: int main(int argc, char **argv)
 8: {
 9:   if (argc > 1000000) {
10:     int (* volatile tp)(void)=(int (*)(void))&t;
11:     printf("%d", (*tp)());
12:   }
13: 
14:   return !!argv[argc];
15: }
16: int t(void) { void ((*volatile p)()); p = (void ((*)()))TLS_server_method; return !p; }
/* end */

"/home/sopi/Documents/Side_projects/graal/sdk/mxbuild/linux-amd64/GRAALVM_25F9771D4B_JAVA11/graalvm-25f9771d4b-java11-22.1.0-dev/languages/llvm/native/bin/graalvm-native-clang -o conftest -I/home/sopi/Documents/Side_projects/graal/sdk/mxbuild/linux-amd64/GRAALVM_25F9771D4B_JAVA11/graalvm-25f9771d4b-java11-22.1.0-dev/languages/ruby/lib/cext/include -I/home/sopi/Documents/Side_projects/graal/sdk/mxbuild/linux-amd64/GRAALVM_25F9771D4B_JAVA11/graalvm-25f9771d4b-java11-22.1.0-dev/languages/ruby/lib/cext/include/ruby/backward -I/home/sopi/Documents/Side_projects/graal/sdk/mxbuild/linux-amd64/GRAALVM_25F9771D4B_JAVA11/graalvm-25f9771d4b-java11-22.1.0-dev/languages/ruby/lib/cext/include -I.   -DTRUFFLERUBY_ABI_VERSION=3.0.2.10    -Wimplicit-function-declaration -Wno-int-conversion -Wno-int-to-pointer-cast -Wno-incompatible-pointer-types -Wno-format-invalid-specifier -Wno-format-extra-args -ferror-limit=500  conftest.c  -L.       -lssl -lcrypto -lgraalvm-llvm  -lssl -lcrypto   -L/home/sopi/Documents/Side_projects/graal/sdk/mxbuild/linux-amd64/GRAALVM_25F9771D4B_JAVA11/graalvm-25f9771d4b-java11-22.1.0-dev/languages/ruby/lib/cext -rpath /home/sopi/Documents/Side_projects/graal/sdk/mxbuild/linux-amd64/GRAALVM_25F9771D4B_JAVA11/graalvm-25f9771d4b-java11-22.1.0-dev/languages/ruby/lib/cext -ltruffleruby -rpath /home/sopi/Documents/Side_projects/graal/sdk/mxbuild/linux-amd64/GRAALVM_25F9771D4B_JAVA11/graalvm-25f9771d4b-java11-22.1.0-dev/languages/llvm/native/lib"
ld.lld: error: undefined symbol: TLS_server_method
>>> referenced by conftest.c:17 (/home/sopi/Documents/Side_projects/truffleruby/bench/test/bundle/truffleruby/3.0.2.10/gems/puma-5.6.1/ext/puma_http11/conftest.c:17)
>>>               lto.tmp:(t)
>>> did you mean: DTLS_server_method
>>> defined in: /usr/lib/gcc/x86_64-linux-gnu/7.5.0/../../../x86_64-linux-gnu/libssl.so
clang-12: error: linker command failed with exit code 1 (use -v to see invocation)
Process failed: #<Process::Status: pid 2826 exit 1>
checked program was:
/* begin */
 1: #include "ruby.h"
 2: 
 3: #include <openssl/ssl.h>
 4: 
 5: /*top*/
 6: extern int t(void);
 7: int main(int argc, char **argv)
 8: {
 9:   if (argc > 1000000) {
10:     int (* volatile tp)(void)=(int (*)(void))&t;
11:     printf("%d", (*tp)());
12:   }
13: 
14:   return !!argv[argc];
15: }
16: extern void TLS_server_method();
17: int t(void) { TLS_server_method(); return 0; }
/* end */

--------------------

have_func: checking for SSL_CTX_set_min_proto_version(NULL, 0) in openssl/ssl.h... -------------------- no

"/home/sopi/Documents/Side_projects/graal/sdk/mxbuild/linux-amd64/GRAALVM_25F9771D4B_JAVA11/graalvm-25f9771d4b-java11-22.1.0-dev/languages/llvm/native/bin/graalvm-native-clang -o conftest -I/home/sopi/Documents/Side_projects/graal/sdk/mxbuild/linux-amd64/GRAALVM_25F9771D4B_JAVA11/graalvm-25f9771d4b-java11-22.1.0-dev/languages/ruby/lib/cext/include -I/home/sopi/Documents/Side_projects/graal/sdk/mxbuild/linux-amd64/GRAALVM_25F9771D4B_JAVA11/graalvm-25f9771d4b-java11-22.1.0-dev/languages/ruby/lib/cext/include/ruby/backward -I/home/sopi/Documents/Side_projects/graal/sdk/mxbuild/linux-amd64/GRAALVM_25F9771D4B_JAVA11/graalvm-25f9771d4b-java11-22.1.0-dev/languages/ruby/lib/cext/include -I.   -DTRUFFLERUBY_ABI_VERSION=3.0.2.10    -Wimplicit-function-declaration -Wno-int-conversion -Wno-int-to-pointer-cast -Wno-incompatible-pointer-types -Wno-format-invalid-specifier -Wno-format-extra-args -ferror-limit=500  conftest.c  -L.       -lssl -lcrypto -lgraalvm-llvm  -lssl -lcrypto   -L/home/sopi/Documents/Side_projects/graal/sdk/mxbuild/linux-amd64/GRAALVM_25F9771D4B_JAVA11/graalvm-25f9771d4b-java11-22.1.0-dev/languages/ruby/lib/cext -rpath /home/sopi/Documents/Side_projects/graal/sdk/mxbuild/linux-amd64/GRAALVM_25F9771D4B_JAVA11/graalvm-25f9771d4b-java11-22.1.0-dev/languages/ruby/lib/cext -ltruffleruby -rpath /home/sopi/Documents/Side_projects/graal/sdk/mxbuild/linux-amd64/GRAALVM_25F9771D4B_JAVA11/graalvm-25f9771d4b-java11-22.1.0-dev/languages/llvm/native/lib"
conftest.c:17:15: warning: implicit declaration of function 'SSL_CTX_set_min_proto_version' is invalid in C99 [-Wimplicit-function-declaration]
int t(void) { SSL_CTX_set_min_proto_version(NULL, 0); return 0; }
              ^
1 warning generated.
ld.lld: error: undefined symbol: SSL_CTX_set_min_proto_version
>>> referenced by conftest.c:17 (/home/sopi/Documents/Side_projects/truffleruby/bench/test/bundle/truffleruby/3.0.2.10/gems/puma-5.6.1/ext/puma_http11/conftest.c:17)
>>>               lto.tmp:(t)
clang-12: error: linker command failed with exit code 1 (use -v to see invocation)
Process failed: #<Process::Status: pid 2921 exit 1>
checked program was:
/* begin */
 1: #include "ruby.h"
 2: 
 3: #include <openssl/ssl.h>
 4: 
 5: /*top*/
 6: extern int t(void);
 7: int main(int argc, char **argv)
 8: {
 9:   if (argc > 1000000) {
10:     int (* volatile tp)(void)=(int (*)(void))&t;
11:     printf("%d", (*tp)());
12:   }
13: 
14:   return !!argv[argc];
15: }
16: 
17: int t(void) { SSL_CTX_set_min_proto_version(NULL, 0); return 0; }
/* end */

--------------------

have_func: checking for X509_STORE_up_ref()... -------------------- no

"/home/sopi/Documents/Side_projects/graal/sdk/mxbuild/linux-amd64/GRAALVM_25F9771D4B_JAVA11/graalvm-25f9771d4b-java11-22.1.0-dev/languages/llvm/native/bin/graalvm-native-clang -o conftest -I/home/sopi/Documents/Side_projects/graal/sdk/mxbuild/linux-amd64/GRAALVM_25F9771D4B_JAVA11/graalvm-25f9771d4b-java11-22.1.0-dev/languages/ruby/lib/cext/include -I/home/sopi/Documents/Side_projects/graal/sdk/mxbuild/linux-amd64/GRAALVM_25F9771D4B_JAVA11/graalvm-25f9771d4b-java11-22.1.0-dev/languages/ruby/lib/cext/include/ruby/backward -I/home/sopi/Documents/Side_projects/graal/sdk/mxbuild/linux-amd64/GRAALVM_25F9771D4B_JAVA11/graalvm-25f9771d4b-java11-22.1.0-dev/languages/ruby/lib/cext/include -I.   -DTRUFFLERUBY_ABI_VERSION=3.0.2.10    -Wimplicit-function-declaration -Wno-int-conversion -Wno-int-to-pointer-cast -Wno-incompatible-pointer-types -Wno-format-invalid-specifier -Wno-format-extra-args -ferror-limit=500  conftest.c  -L.       -lssl -lcrypto -lgraalvm-llvm  -lssl -lcrypto   -L/home/sopi/Documents/Side_projects/graal/sdk/mxbuild/linux-amd64/GRAALVM_25F9771D4B_JAVA11/graalvm-25f9771d4b-java11-22.1.0-dev/languages/ruby/lib/cext -rpath /home/sopi/Documents/Side_projects/graal/sdk/mxbuild/linux-amd64/GRAALVM_25F9771D4B_JAVA11/graalvm-25f9771d4b-java11-22.1.0-dev/languages/ruby/lib/cext -ltruffleruby -rpath /home/sopi/Documents/Side_projects/graal/sdk/mxbuild/linux-amd64/GRAALVM_25F9771D4B_JAVA11/graalvm-25f9771d4b-java11-22.1.0-dev/languages/llvm/native/lib"
conftest.c:14:57: error: use of undeclared identifier 'X509_STORE_up_ref'
int t(void) { void ((*volatile p)()); p = (void ((*)()))X509_STORE_up_ref; return !p; }
                                                        ^
1 error generated.
Process failed: #<Process::Status: pid 3013 exit 1>
checked program was:
/* begin */
 1: #include "ruby.h"
 2: 
 3: /*top*/
 4: extern int t(void);
 5: int main(int argc, char **argv)
 6: {
 7:   if (argc > 1000000) {
 8:     int (* volatile tp)(void)=(int (*)(void))&t;
 9:     printf("%d", (*tp)());
10:   }
11: 
12:   return !!argv[argc];
13: }
14: int t(void) { void ((*volatile p)()); p = (void ((*)()))X509_STORE_up_ref; return !p; }
/* end */

"/home/sopi/Documents/Side_projects/graal/sdk/mxbuild/linux-amd64/GRAALVM_25F9771D4B_JAVA11/graalvm-25f9771d4b-java11-22.1.0-dev/languages/llvm/native/bin/graalvm-native-clang -o conftest -I/home/sopi/Documents/Side_projects/graal/sdk/mxbuild/linux-amd64/GRAALVM_25F9771D4B_JAVA11/graalvm-25f9771d4b-java11-22.1.0-dev/languages/ruby/lib/cext/include -I/home/sopi/Documents/Side_projects/graal/sdk/mxbuild/linux-amd64/GRAALVM_25F9771D4B_JAVA11/graalvm-25f9771d4b-java11-22.1.0-dev/languages/ruby/lib/cext/include/ruby/backward -I/home/sopi/Documents/Side_projects/graal/sdk/mxbuild/linux-amd64/GRAALVM_25F9771D4B_JAVA11/graalvm-25f9771d4b-java11-22.1.0-dev/languages/ruby/lib/cext/include -I.   -DTRUFFLERUBY_ABI_VERSION=3.0.2.10    -Wimplicit-function-declaration -Wno-int-conversion -Wno-int-to-pointer-cast -Wno-incompatible-pointer-types -Wno-format-invalid-specifier -Wno-format-extra-args -ferror-limit=500  conftest.c  -L.       -lssl -lcrypto -lgraalvm-llvm  -lssl -lcrypto   -L/home/sopi/Documents/Side_projects/graal/sdk/mxbuild/linux-amd64/GRAALVM_25F9771D4B_JAVA11/graalvm-25f9771d4b-java11-22.1.0-dev/languages/ruby/lib/cext -rpath /home/sopi/Documents/Side_projects/graal/sdk/mxbuild/linux-amd64/GRAALVM_25F9771D4B_JAVA11/graalvm-25f9771d4b-java11-22.1.0-dev/languages/ruby/lib/cext -ltruffleruby -rpath /home/sopi/Documents/Side_projects/graal/sdk/mxbuild/linux-amd64/GRAALVM_25F9771D4B_JAVA11/graalvm-25f9771d4b-java11-22.1.0-dev/languages/llvm/native/lib"
ld.lld: error: undefined symbol: X509_STORE_up_ref
>>> referenced by conftest.c:15 (/home/sopi/Documents/Side_projects/truffleruby/bench/test/bundle/truffleruby/3.0.2.10/gems/puma-5.6.1/ext/puma_http11/conftest.c:15)
>>>               lto.tmp:(t)
clang-12: error: linker command failed with exit code 1 (use -v to see invocation)
Process failed: #<Process::Status: pid 3074 exit 1>
checked program was:
/* begin */
 1: #include "ruby.h"
 2: 
 3: /*top*/
 4: extern int t(void);
 5: int main(int argc, char **argv)
 6: {
 7:   if (argc > 1000000) {
 8:     int (* volatile tp)(void)=(int (*)(void))&t;
 9:     printf("%d", (*tp)());
10:   }
11: 
12:   return !!argv[argc];
13: }
14: extern void X509_STORE_up_ref();
15: int t(void) { X509_STORE_up_ref(); return 0; }
/* end */

--------------------

have_func: checking for SSL_CTX_set_ecdh_auto(NULL, 0) in openssl/ssl.h... -------------------- yes

"/home/sopi/Documents/Side_projects/graal/sdk/mxbuild/linux-amd64/GRAALVM_25F9771D4B_JAVA11/graalvm-25f9771d4b-java11-22.1.0-dev/languages/llvm/native/bin/graalvm-native-clang -o conftest -I/home/sopi/Documents/Side_projects/graal/sdk/mxbuild/linux-amd64/GRAALVM_25F9771D4B_JAVA11/graalvm-25f9771d4b-java11-22.1.0-dev/languages/ruby/lib/cext/include -I/home/sopi/Documents/Side_projects/graal/sdk/mxbuild/linux-amd64/GRAALVM_25F9771D4B_JAVA11/graalvm-25f9771d4b-java11-22.1.0-dev/languages/ruby/lib/cext/include/ruby/backward -I/home/sopi/Documents/Side_projects/graal/sdk/mxbuild/linux-amd64/GRAALVM_25F9771D4B_JAVA11/graalvm-25f9771d4b-java11-22.1.0-dev/languages/ruby/lib/cext/include -I.   -DTRUFFLERUBY_ABI_VERSION=3.0.2.10    -Wimplicit-function-declaration -Wno-int-conversion -Wno-int-to-pointer-cast -Wno-incompatible-pointer-types -Wno-format-invalid-specifier -Wno-format-extra-args -ferror-limit=500  conftest.c  -L.       -lssl -lcrypto -lgraalvm-llvm  -lssl -lcrypto   -L/home/sopi/Documents/Side_projects/graal/sdk/mxbuild/linux-amd64/GRAALVM_25F9771D4B_JAVA11/graalvm-25f9771d4b-java11-22.1.0-dev/languages/ruby/lib/cext -rpath /home/sopi/Documents/Side_projects/graal/sdk/mxbuild/linux-amd64/GRAALVM_25F9771D4B_JAVA11/graalvm-25f9771d4b-java11-22.1.0-dev/languages/ruby/lib/cext -ltruffleruby -rpath /home/sopi/Documents/Side_projects/graal/sdk/mxbuild/linux-amd64/GRAALVM_25F9771D4B_JAVA11/graalvm-25f9771d4b-java11-22.1.0-dev/languages/llvm/native/lib"
checked program was:
/* begin */
 1: #include "ruby.h"
 2: 
 3: #include <openssl/ssl.h>
 4: 
 5: /*top*/
 6: extern int t(void);
 7: int main(int argc, char **argv)
 8: {
 9:   if (argc > 1000000) {
10:     int (* volatile tp)(void)=(int (*)(void))&t;
11:     printf("%d", (*tp)());
12:   }
13: 
14:   return !!argv[argc];
15: }
16: 
17: int t(void) { SSL_CTX_set_ecdh_auto(NULL, 0); return 0; }
/* end */

--------------------

have_func: checking for SSL_get1_peer_certificate() in openssl/ssl.h... -------------------- no

"/home/sopi/Documents/Side_projects/graal/sdk/mxbuild/linux-amd64/GRAALVM_25F9771D4B_JAVA11/graalvm-25f9771d4b-java11-22.1.0-dev/languages/llvm/native/bin/graalvm-native-clang -o conftest -I/home/sopi/Documents/Side_projects/graal/sdk/mxbuild/linux-amd64/GRAALVM_25F9771D4B_JAVA11/graalvm-25f9771d4b-java11-22.1.0-dev/languages/ruby/lib/cext/include -I/home/sopi/Documents/Side_projects/graal/sdk/mxbuild/linux-amd64/GRAALVM_25F9771D4B_JAVA11/graalvm-25f9771d4b-java11-22.1.0-dev/languages/ruby/lib/cext/include/ruby/backward -I/home/sopi/Documents/Side_projects/graal/sdk/mxbuild/linux-amd64/GRAALVM_25F9771D4B_JAVA11/graalvm-25f9771d4b-java11-22.1.0-dev/languages/ruby/lib/cext/include -I.   -DTRUFFLERUBY_ABI_VERSION=3.0.2.10    -Wimplicit-function-declaration -Wno-int-conversion -Wno-int-to-pointer-cast -Wno-incompatible-pointer-types -Wno-format-invalid-specifier -Wno-format-extra-args -ferror-limit=500  conftest.c  -L.       -lssl -lcrypto -lgraalvm-llvm  -lssl -lcrypto   -L/home/sopi/Documents/Side_projects/graal/sdk/mxbuild/linux-amd64/GRAALVM_25F9771D4B_JAVA11/graalvm-25f9771d4b-java11-22.1.0-dev/languages/ruby/lib/cext -rpath /home/sopi/Documents/Side_projects/graal/sdk/mxbuild/linux-amd64/GRAALVM_25F9771D4B_JAVA11/graalvm-25f9771d4b-java11-22.1.0-dev/languages/ruby/lib/cext -ltruffleruby -rpath /home/sopi/Documents/Side_projects/graal/sdk/mxbuild/linux-amd64/GRAALVM_25F9771D4B_JAVA11/graalvm-25f9771d4b-java11-22.1.0-dev/languages/llvm/native/lib"
conftest.c:16:57: error: use of undeclared identifier 'SSL_get1_peer_certificate'
int t(void) { void ((*volatile p)()); p = (void ((*)()))SSL_get1_peer_certificate; return !p; }
                                                        ^
1 error generated.
Process failed: #<Process::Status: pid 3250 exit 1>
checked program was:
/* begin */
 1: #include "ruby.h"
 2: 
 3: #include <openssl/ssl.h>
 4: 
 5: /*top*/
 6: extern int t(void);
 7: int main(int argc, char **argv)
 8: {
 9:   if (argc > 1000000) {
10:     int (* volatile tp)(void)=(int (*)(void))&t;
11:     printf("%d", (*tp)());
12:   }
13: 
14:   return !!argv[argc];
15: }
16: int t(void) { void ((*volatile p)()); p = (void ((*)()))SSL_get1_peer_certificate; return !p; }
/* end */

"/home/sopi/Documents/Side_projects/graal/sdk/mxbuild/linux-amd64/GRAALVM_25F9771D4B_JAVA11/graalvm-25f9771d4b-java11-22.1.0-dev/languages/llvm/native/bin/graalvm-native-clang -o conftest -I/home/sopi/Documents/Side_projects/graal/sdk/mxbuild/linux-amd64/GRAALVM_25F9771D4B_JAVA11/graalvm-25f9771d4b-java11-22.1.0-dev/languages/ruby/lib/cext/include -I/home/sopi/Documents/Side_projects/graal/sdk/mxbuild/linux-amd64/GRAALVM_25F9771D4B_JAVA11/graalvm-25f9771d4b-java11-22.1.0-dev/languages/ruby/lib/cext/include/ruby/backward -I/home/sopi/Documents/Side_projects/graal/sdk/mxbuild/linux-amd64/GRAALVM_25F9771D4B_JAVA11/graalvm-25f9771d4b-java11-22.1.0-dev/languages/ruby/lib/cext/include -I.   -DTRUFFLERUBY_ABI_VERSION=3.0.2.10    -Wimplicit-function-declaration -Wno-int-conversion -Wno-int-to-pointer-cast -Wno-incompatible-pointer-types -Wno-format-invalid-specifier -Wno-format-extra-args -ferror-limit=500  conftest.c  -L.       -lssl -lcrypto -lgraalvm-llvm  -lssl -lcrypto   -L/home/sopi/Documents/Side_projects/graal/sdk/mxbuild/linux-amd64/GRAALVM_25F9771D4B_JAVA11/graalvm-25f9771d4b-java11-22.1.0-dev/languages/ruby/lib/cext -rpath /home/sopi/Documents/Side_projects/graal/sdk/mxbuild/linux-amd64/GRAALVM_25F9771D4B_JAVA11/graalvm-25f9771d4b-java11-22.1.0-dev/languages/ruby/lib/cext -ltruffleruby -rpath /home/sopi/Documents/Side_projects/graal/sdk/mxbuild/linux-amd64/GRAALVM_25F9771D4B_JAVA11/graalvm-25f9771d4b-java11-22.1.0-dev/languages/llvm/native/lib"
ld.lld: error: undefined symbol: SSL_get1_peer_certificate
>>> referenced by conftest.c:17 (/home/sopi/Documents/Side_projects/truffleruby/bench/test/bundle/truffleruby/3.0.2.10/gems/puma-5.6.1/ext/puma_http11/conftest.c:17)
>>>               lto.tmp:(t)
>>> did you mean: SSL_get_peer_certificate
>>> defined in: /usr/lib/gcc/x86_64-linux-gnu/7.5.0/../../../x86_64-linux-gnu/libssl.so
clang-12: error: linker command failed with exit code 1 (use -v to see invocation)
Process failed: #<Process::Status: pid 3298 exit 1>
checked program was:
/* begin */
 1: #include "ruby.h"
 2: 
 3: #include <openssl/ssl.h>
 4: 
 5: /*top*/
 6: extern int t(void);
 7: int main(int argc, char **argv)
 8: {
 9:   if (argc > 1000000) {
10:     int (* volatile tp)(void)=(int (*)(void))&t;
11:     printf("%d", (*tp)());
12:   }
13: 
14:   return !!argv[argc];
15: }
16: extern void SSL_get1_peer_certificate();
17: int t(void) { SSL_get1_peer_certificate(); return 0; }
/* end */

--------------------

